<?xml version="1.0" encoding="UTF-8"?>
<testng-results ignored="0" total="7" passed="7" failed="0" skipped="0">
  <reporter-output>
  </reporter-output>
  <suite started-at="2022-08-08T23:21:17 EDT" name="All Test Suite" finished-at="2022-08-08T23:22:12 EDT" duration-ms="54822">
    <groups>
    </groups>
    <test started-at="2022-08-08T23:21:17 EDT" name="C:/Digiboxx.Appium" finished-at="2022-08-08T23:22:12 EDT" duration-ms="54822">
      <class name="com.Tests.LoginPageTest">
        <test-method is-config="true" signature="ExtentInitiator()[pri:0, instance:com.Tests.LoginPageTest@4944252c]" started-at="2022-08-08T23:21:17 EDT" name="ExtentInitiator" finished-at="2022-08-08T23:21:17 EDT" duration-ms="773" status="PASS">
          <reporter-output>
          </reporter-output>
        </test-method> <!-- ExtentInitiator -->
        <test-method is-config="true" signature="startsession()[pri:0, instance:com.Tests.LoginPageTest@4944252c]" started-at="2022-08-08T23:21:18 EDT" name="startsession" finished-at="2022-08-08T23:21:39 EDT" duration-ms="21829" status="PASS">
          <reporter-output>
          </reporter-output>
        </test-method> <!-- startsession -->
        <test-method signature="step01_LaunchApplication_and_skip_presentation()[pri:0, instance:com.Tests.LoginPageTest@4944252c]" started-at="2022-08-08T23:21:39 EDT" name="step01_LaunchApplication_and_skip_presentation" finished-at="2022-08-08T23:21:41 EDT" duration-ms="1716" status="PASS">
          <reporter-output>
          </reporter-output>
        </test-method> <!-- step01_LaunchApplication_and_skip_presentation -->
        <test-method is-config="true" signature="getResults(org.testng.ITestResult)[pri:0, instance:com.Tests.LoginPageTest@4944252c]" started-at="2022-08-08T23:21:41 EDT" name="getResults" finished-at="2022-08-08T23:21:41 EDT" duration-ms="16" status="PASS">
          <params>
            <param index="0">
              <value>
                <![CDATA[[TestResult name=step01_LaunchApplication_and_skip_presentation status=SUCCESS method=LoginPageTest.step01_LaunchApplication_and_skip_presentation()[pri:0, instance:com.Tests.LoginPageTest@4944252c] output={null}]]]>
              </value>
            </param>
          </params>
          <reporter-output>
          </reporter-output>
        </test-method> <!-- getResults -->
        <test-method signature="step02_Click_Continue()[pri:0, instance:com.Tests.LoginPageTest@4944252c]" started-at="2022-08-08T23:21:41 EDT" name="step02_Click_Continue" finished-at="2022-08-08T23:21:43 EDT" duration-ms="1676" status="PASS">
          <reporter-output>
          </reporter-output>
        </test-method> <!-- step02_Click_Continue -->
        <test-method is-config="true" signature="getResults(org.testng.ITestResult)[pri:0, instance:com.Tests.LoginPageTest@4944252c]" started-at="2022-08-08T23:21:43 EDT" name="getResults" finished-at="2022-08-08T23:21:43 EDT" duration-ms="1" status="PASS">
          <params>
            <param index="0">
              <value>
                <![CDATA[[TestResult name=step02_Click_Continue status=SUCCESS method=LoginPageTest.step02_Click_Continue()[pri:0, instance:com.Tests.LoginPageTest@4944252c] output={null}]]]>
              </value>
            </param>
          </params>
          <reporter-output>
          </reporter-output>
        </test-method> <!-- getResults -->
        <test-method signature="step03_enter_your_credentials()[pri:0, instance:com.Tests.LoginPageTest@4944252c]" started-at="2022-08-08T23:21:43 EDT" name="step03_enter_your_credentials" finished-at="2022-08-08T23:21:47 EDT" duration-ms="3908" status="PASS">
          <reporter-output>
          </reporter-output>
        </test-method> <!-- step03_enter_your_credentials -->
        <test-method is-config="true" signature="getResults(org.testng.ITestResult)[pri:0, instance:com.Tests.LoginPageTest@4944252c]" started-at="2022-08-08T23:21:47 EDT" name="getResults" finished-at="2022-08-08T23:21:47 EDT" duration-ms="1" status="PASS">
          <params>
            <param index="0">
              <value>
                <![CDATA[[TestResult name=step03_enter_your_credentials status=SUCCESS method=LoginPageTest.step03_enter_your_credentials()[pri:0, instance:com.Tests.LoginPageTest@4944252c] output={null}]]]>
              </value>
            </param>
          </params>
          <reporter-output>
          </reporter-output>
        </test-method> <!-- getResults -->
        <test-method is-config="true" signature="teardown()[pri:0, instance:com.Tests.LoginPageTest@4944252c]" started-at="2022-08-08T23:22:12 EDT" name="teardown" finished-at="2022-08-08T23:22:14 EDT" duration-ms="1504" status="PASS">
          <reporter-output>
          </reporter-output>
        </test-method> <!-- teardown -->
      </class> <!-- com.Tests.LoginPageTest -->
      <class name="com.Tests.UploadSingleImageTest">
        <test-method is-config="true" signature="startsession()[pri:0, instance:com.Tests.UploadSingleImageTest@cad498c]" started-at="2022-08-08T23:21:47 EDT" name="startsession" finished-at="2022-08-08T23:22:05 EDT" duration-ms="18605" status="PASS">
          <reporter-output>
          </reporter-output>
        </test-method> <!-- startsession -->
        <test-method signature="step01_LaunchApplication_and_skip_presentation()[pri:0, instance:com.Tests.UploadSingleImageTest@cad498c]" started-at="2022-08-08T23:22:05 EDT" name="step01_LaunchApplication_and_skip_presentation" finished-at="2022-08-08T23:22:07 EDT" duration-ms="1933" status="PASS">
          <reporter-output>
          </reporter-output>
        </test-method> <!-- step01_LaunchApplication_and_skip_presentation -->
        <test-method signature="step02_Click_Continue()[pri:0, instance:com.Tests.UploadSingleImageTest@cad498c]" started-at="2022-08-08T23:22:07 EDT" name="step02_Click_Continue" finished-at="2022-08-08T23:22:08 EDT" depends-on-methods="com.Tests.UploadSingleImageTest.step01_LaunchApplication_and_skip_presentation" duration-ms="1176" status="PASS">
          <reporter-output>
          </reporter-output>
        </test-method> <!-- step02_Click_Continue -->
        <test-method signature="step03_enter_your_credentials()[pri:0, instance:com.Tests.UploadSingleImageTest@cad498c]" started-at="2022-08-08T23:22:08 EDT" name="step03_enter_your_credentials" finished-at="2022-08-08T23:22:12 EDT" depends-on-methods="com.Tests.UploadSingleImageTest.step02_Click_Continue" duration-ms="3849" status="PASS">
          <reporter-output>
          </reporter-output>
        </test-method> <!-- step03_enter_your_credentials -->
        <test-method signature="step04_uploadingSingleImage()[pri:0, instance:com.Tests.UploadSingleImageTest@cad498c]" started-at="2022-08-08T23:22:12 EDT" name="step04_uploadingSingleImage" finished-at="2022-08-08T23:22:12 EDT" depends-on-methods="com.Tests.UploadSingleImageTest.step03_enter_your_credentials" duration-ms="1" status="PASS">
          <reporter-output>
          </reporter-output>
        </test-method> <!-- step04_uploadingSingleImage -->
      </class> <!-- com.Tests.UploadSingleImageTest -->
    </test> <!-- C:/Digiboxx.Appium -->
  </suite> <!-- All Test Suite -->
</testng-results>
